[0.021s] Invoking command in '/home/raz/projects/manipulator-project/arduinobot_ws/build/arduinobot_remote': CMAKE_PREFIX_PATH=${CMAKE_PREFIX_PATH}:/home/raz/ros2_ws/install/centerofmass_detection:/home/raz/projects/manipulator-project/arduinobot_ws/install/arduinobot_py_examples:/opt/ros/humble /usr/local/bin/cmake --build /home/raz/projects/manipulator-project/arduinobot_ws/build/arduinobot_remote -- -j12 -l12
[0.038s] -- Found ament_cmake: 1.3.11 (/opt/ros/humble/share/ament_cmake/cmake)
[0.197s] -- Override CMake install command with custom implementation using symlinks instead of copying resources
[0.205s] -- Found rclpy: 3.3.15 (/opt/ros/humble/share/rclpy/cmake)
[0.207s] -- Found rclcpp: 16.0.11 (/opt/ros/humble/share/rclcpp/cmake)
[0.253s] -- Found rosidl_generator_c: 3.1.6 (/opt/ros/humble/share/rosidl_generator_c/cmake)
[0.259s] -- Found rosidl_adapter: 3.1.6 (/opt/ros/humble/share/rosidl_adapter/cmake)
[0.269s] -- Found rosidl_generator_cpp: 3.1.6 (/opt/ros/humble/share/rosidl_generator_cpp/cmake)
[0.283s] -- Using all available rosidl_typesupport_c: rosidl_typesupport_fastrtps_c;rosidl_typesupport_introspection_c
[0.302s] -- Using all available rosidl_typesupport_cpp: rosidl_typesupport_fastrtps_cpp;rosidl_typesupport_introspection_cpp
[0.355s] -- Found rmw_implementation_cmake: 6.1.2 (/opt/ros/humble/share/rmw_implementation_cmake/cmake)
[0.358s] -- Found rmw_cyclonedds_cpp: 1.3.4 (/opt/ros/humble/share/rmw_cyclonedds_cpp/cmake)
[0.383s] -- Using RMW implementation 'rmw_cyclonedds_cpp' as default
[0.396s] -- Performing Test CMAKE_HAVE_LIBC_PTHREAD
[0.448s] -- Performing Test CMAKE_HAVE_LIBC_PTHREAD - Success
[0.450s] -- Found Threads: TRUE  
[0.525s] -- Found rclcpp_action: 16.0.11 (/opt/ros/humble/share/rclcpp_action/cmake)
[0.571s] -- Found rclcpp_components: 16.0.11 (/opt/ros/humble/share/rclcpp_components/cmake)
[0.601s] -- Found arduinobot_msgs: 0.0.0 (/home/raz/projects/manipulator-project/arduinobot_ws/install/arduinobot_msgs/share/arduinobot_msgs/cmake)
[0.620s] -- Found moveit_ros_planning_interface: 2.5.6 (/opt/ros/humble/share/moveit_ros_planning_interface/cmake)
[0.646s] -- Found Boost: /usr/lib/x86_64-linux-gnu/cmake/Boost-1.74.0/BoostConfig.cmake (found version "1.74.0") found components: date_time filesystem program_options system thread 
[0.847s] -- Found Boost: /usr/lib/x86_64-linux-gnu/cmake/Boost-1.74.0/BoostConfig.cmake (found version "1.74.0") found components: chrono date_time filesystem iostreams program_options regex serialization system thread 
[0.909s] -- Found parameter_traits: 0.3.9 (/opt/ros/humble/share/parameter_traits/cmake)
[0.922s] -- Found rclcpp_lifecycle: 16.0.11 (/opt/ros/humble/share/rclcpp_lifecycle/cmake)
[0.950s] -- Found Boost: /usr/lib/x86_64-linux-gnu/cmake/Boost-1.74.0/BoostConfig.cmake (found version "1.74.0") found components: filesystem 
[1.012s] -- library: /usr/lib/x86_64-linux-gnu/libcurl.so
[1.059s] -- Found Eigen3: TRUE (found version "3.4.0") 
[1.059s] -- Ensuring Eigen3 include directory is part of orocos-kdl CMake target
[1.186s] -- Found Boost: /usr/lib/x86_64-linux-gnu/cmake/Boost-1.74.0/BoostConfig.cmake (found version "1.74.0") found components: system filesystem date_time program_options thread chrono 
[1.229s] -- Found Boost: /usr/lib/x86_64-linux-gnu/cmake/Boost-1.74.0/BoostConfig.cmake (found version "1.74.0") found components: thread system filesystem regex date_time program_options 
[1.291s] -- Found Boost: /usr/lib/x86_64-linux-gnu/cmake/Boost-1.74.0/BoostConfig.cmake (found version "1.74.0") found components: system filesystem date_time program_options thread 
[1.334s] -- Found ament_lint_auto: 0.12.11 (/opt/ros/humble/share/ament_lint_auto/cmake)
[1.396s] -- Added test 'cppcheck' to perform static code analysis on C / C++ code
[1.396s] -- Configured cppcheck include dirs: $<BUILD_INTERFACE:/home/raz/projects/manipulator-project/arduinobot_ws/src/arduinobot_remote/include>
[1.396s] -- Configured cppcheck exclude dirs and/or files: 
[1.397s] -- Added test 'flake8' to check Python code syntax and style conventions
[1.398s] -- Added test 'lint_cmake' to check CMake code style
[1.398s] -- Added test 'pep257' to check Python code against some of the docstring style conventions in PEP 257
[1.400s] -- Added test 'uncrustify' to check C / C++ code style
[1.400s] -- Configured uncrustify additional arguments: 
[1.401s] -- Added test 'xmllint' to check XML markup files
[1.402s] -- Configuring done (1.4s)
[1.434s] -- Generating done (0.0s)
[1.450s] -- Build files have been written to: /home/raz/projects/manipulator-project/arduinobot_ws/build/arduinobot_remote
[1.466s] [ 25%] [32mBuilding CXX object CMakeFiles/task_server_node.dir/rclcpp_components/node_main_task_server_node.cpp.o[0m
[1.466s] [ 50%] [32mBuilding CXX object CMakeFiles/task_server.dir/src/task_server.cpp.o[0m
[3.962s] [ 75%] [32m[1mLinking CXX executable task_server_node[0m
[4.042s] [ 75%] Built target task_server_node
[5.268s] [01m[K/home/raz/projects/manipulator-project/arduinobot_ws/src/arduinobot_remote/src/task_server.cpp:[m[K In member function â€˜[01m[Krclcpp_action::GoalResponse arduinobot_remote::TaskServer::goalCallback(const GoalUUID&, std::shared_ptr<const arduinobot_msgs::action::ArduinobotTask_Goal_<std::allocator<void> > >)[m[Kâ€™:
[5.268s] [01m[K/home/raz/projects/manipulator-project/arduinobot_ws/src/arduinobot_remote/src/task_server.cpp:35:77:[m[K [01;35m[Kwarning: [m[Kunused parameter â€˜[01m[Kuuid[m[Kâ€™ [[01;35m[K]8;;https://gcc.gnu.org/onlinedocs/gcc/Warning-Options.html#index-Wunused-parameter-Wunused-parameter]8;;[m[K]
[5.268s]    35 |     rclcpp_action::GoalResponse goalCallback([01;35m[Kconst rclcpp_action::GoalUUID& uuid[m[K, std::shared_ptr<const arduinobot_msgs::action::ArduinobotTask::Goal> goal){
[5.268s]       |                                              [01;35m[K~~~~~~~~~~~~~~~~~~~~~~~~~~~~~~~^~~~[m[K
[5.273s] [01m[K/home/raz/projects/manipulator-project/arduinobot_ws/src/arduinobot_remote/src/task_server.cpp:[m[K In member function â€˜[01m[Kvoid arduinobot_remote::TaskServer::execute(std::shared_ptr<rclcpp_action::ServerGoalHandle<arduinobot_msgs::action::ArduinobotTask> >)[m[Kâ€™:
[5.273s] [01m[K/home/raz/projects/manipulator-project/arduinobot_ws/src/arduinobot_remote/src/task_server.cpp:77:37:[m[K [01;31m[Kerror: [m[Kâ€˜[01m[Kusing element_type = const struct arduinobot_msgs::action::ArduinobotTask_Goal_<std::allocator<void> >[m[Kâ€™ {aka â€˜[01m[Kconst struct arduinobot_msgs::action::ArduinobotTask_Goal_<std::allocator<void> >[m[Kâ€™} has no member named â€˜[01m[Ktasl_number[m[Kâ€™; did you mean â€˜[01m[Ktask_number[m[Kâ€™?
[5.273s]    77 |         if(goal_handle->get_goal()->[01;31m[Ktasl_number[m[K == 0){
[5.273s]       |                                     [01;31m[K^~~~~~~~~~~[m[K
[5.273s]       |                                     [32m[Ktask_number[m[K
[5.273s] [01m[K/home/raz/projects/manipulator-project/arduinobot_ws/src/arduinobot_remote/src/task_server.cpp:82:42:[m[K [01;31m[Kerror: [m[Kâ€˜[01m[Kusing element_type = const struct arduinobot_msgs::action::ArduinobotTask_Goal_<std::allocator<void> >[m[Kâ€™ {aka â€˜[01m[Kconst struct arduinobot_msgs::action::ArduinobotTask_Goal_<std::allocator<void> >[m[Kâ€™} has no member named â€˜[01m[Ktasl_number[m[Kâ€™; did you mean â€˜[01m[Ktask_number[m[Kâ€™?
[5.273s]    82 |         else if(goal_handle->get_goal()->[01;31m[Ktasl_number[m[K == 1){
[5.273s]       |                                          [01;31m[K^~~~~~~~~~~[m[K
[5.273s]       |                                          [32m[Ktask_number[m[K
[5.273s] [01m[K/home/raz/projects/manipulator-project/arduinobot_ws/src/arduinobot_remote/src/task_server.cpp:87:42:[m[K [01;31m[Kerror: [m[Kâ€˜[01m[Kusing element_type = const struct arduinobot_msgs::action::ArduinobotTask_Goal_<std::allocator<void> >[m[Kâ€™ {aka â€˜[01m[Kconst struct arduinobot_msgs::action::ArduinobotTask_Goal_<std::allocator<void> >[m[Kâ€™} has no member named â€˜[01m[Ktasl_number[m[Kâ€™; did you mean â€˜[01m[Ktask_number[m[Kâ€™?
[5.274s]    87 |         else if(goal_handle->get_goal()->[01;31m[Ktasl_number[m[K == 2){
[5.274s]       |                                          [01;31m[K^~~~~~~~~~~[m[K
[5.274s]       |                                          [32m[Ktask_number[m[K
[7.309s] gmake[2]: *** [CMakeFiles/task_server.dir/build.make:76: CMakeFiles/task_server.dir/src/task_server.cpp.o] Error 1
[7.309s] gmake[1]: *** [CMakeFiles/Makefile2:139: CMakeFiles/task_server.dir/all] Error 2
[7.309s] gmake: *** [Makefile:146: all] Error 2
[7.310s] Invoked command in '/home/raz/projects/manipulator-project/arduinobot_ws/build/arduinobot_remote' returned '2': CMAKE_PREFIX_PATH=${CMAKE_PREFIX_PATH}:/home/raz/ros2_ws/install/centerofmass_detection:/home/raz/projects/manipulator-project/arduinobot_ws/install/arduinobot_py_examples:/opt/ros/humble /usr/local/bin/cmake --build /home/raz/projects/manipulator-project/arduinobot_ws/build/arduinobot_remote -- -j12 -l12
